<?xml version="1.0" encoding="UTF-8"?>
<testsuite name="PullRequestReto2" tests="1" skipped="0" failures="0" errors="0" timestamp="2022-11-03T04:51:19" hostname="DESKTOP-D814HGP" time="6.255">
  <properties/>
  <testcase name="patch()" classname="PullRequestReto2" time="6.255"/>
  <system-out><![CDATA[Request method:	PATCH
Request URI:	https://reqres.in/api/user/2
Proxy:			<none>
Request params:	<none>
Query params:	<none>
Form params:	<none>
Path params:	<none>
Headers:		Accept=*/*
				Content-Type=application/json
Cookies:		<none>
Multiparts:		<none>
Body:
{
    "name": "Marlon",
    "job": "zion resident"
}
HTTP/1.1 200 OK
Date: Thu, 03 Nov 2022 04:51:23 GMT
Content-Type: application/json; charset=utf-8
Transfer-Encoding: chunked
Connection: keep-alive
X-Powered-By: Express
Access-Control-Allow-Origin: *
Etag: W/"4e-K566q6cqiQ9l/2yQJV5O35uj4SA"
Via: 1.1 vegur
CF-Cache-Status: DYNAMIC
Report-To: {"endpoints":[{"url":"https:\/\/a.nel.cloudflare.com\/report\/v3?s=9mgC2dBjHaLmSb2fMLVlxGQoinhJeQueU6qx9ancG5utjPSNtG0a7dcnfH7sjZpY%2BlTvIvqnoAP1ChOaQdBuY9Q5dazjhIXIY6oV%2Baar1q%2BUboX9vIvnJryi7A%3D%3D"}],"group":"cf-nel","max_age":604800}
NEL: {"success_fraction":0,"report_to":"cf-nel","max_age":604800}
Server: cloudflare
CF-RAY: 76427e968fd0db19-MIA
Content-Encoding: gzip

{
    "name": "Marlon",
    "job": "zion resident",
    "updatedAt": "2022-11-03T04:51:23.469Z"
}
]]></system-out>
  <system-err><![CDATA[]]></system-err>
</testsuite>
